Watching for file changes with StatReloader
Performing system checks...

System check identified some issues:

WARNINGS:
todos.Todo: (models.W042) Auto-created primary key used when not defining a primary key type, by default 'django.db.models.AutoField'.
	HINT: Configure the DEFAULT_AUTO_FIELD setting or the TodosConfig.default_auto_field attribute to point to a subclass of AutoField, e.g. 'django.db.models.BigAutoField'.

System check identified 1 issue (0 silenced).
November 12, 2022 - 18:56:55
Django version 4.1.3, using settings 'todoApp.settings'
Starting development server at http://0.0.0.0:8000/
Quit the server with CONTROL-C.
[12/Nov/2022 18:57:03] "GET /todos/ HTTP/1.1" 200 3515
[12/Nov/2022 18:57:03] "GET /static/css/style.css HTTP/1.1" 200 225
Not Found: /favicon.ico
[12/Nov/2022 18:57:04] "GET /favicon.ico HTTP/1.1" 404 2574
[12/Nov/2022 18:57:09] "POST /todos/add/ HTTP/1.1" 302 0
[12/Nov/2022 18:57:09] "GET /todos/ HTTP/1.1" 200 4092
[12/Nov/2022 18:57:21] "GET /todos/3/delete HTTP/1.1" 302 0
[12/Nov/2022 18:57:21] "GET /todos/ HTTP/1.1" 200 3497
[12/Nov/2022 18:57:24] "GET /todos/2/delete HTTP/1.1" 302 0
[12/Nov/2022 18:57:25] "GET /todos/ HTTP/1.1" 200 2905
[12/Nov/2022 20:48:54] "GET / HTTP/1.1" 302 0
[12/Nov/2022 22:04:18] "GET /todos/ HTTP/1.1" 200 2905
[12/Nov/2022 22:04:19] "GET /static/css/style.css HTTP/1.1" 200 225
Not Found: /favicon.ico
[12/Nov/2022 22:04:22] "GET /favicon.ico HTTP/1.1" 404 2574
[12/Nov/2022 23:57:15] code 400, message Bad request version ('À\x14À')
[12/Nov/2022 23:57:15] You're accessing the development server over HTTPS, but it only supports HTTP.
[12/Nov/2022 23:57:15] code 400, message Bad request version ('À\x14À')
[12/Nov/2022 23:57:15] You're accessing the development server over HTTPS, but it only supports HTTP.
[12/Nov/2022 23:57:15] code 400, message Bad request version ('À\x14À')
[12/Nov/2022 23:57:15] You're accessing the development server over HTTPS, but it only supports HTTP.
[13/Nov/2022 01:10:10,168] - Broken pipe from ('167.94.146.58', 40404)
[13/Nov/2022 01:10:11] "GET / HTTP/1.1" 302 0
[13/Nov/2022 01:10:11,358] - Broken pipe from ('167.94.146.58', 50406)
[13/Nov/2022 01:10:11] "GET / HTTP/1.1" 302 0
[13/Nov/2022 01:10:11] code 505, message Invalid HTTP version (2.0)
[13/Nov/2022 01:10:11] "PRI * HTTP/2.0" 505 -
[13/Nov/2022 01:10:11] "GET /todos HTTP/1.1" 301 0
[13/Nov/2022 01:10:12] code 505, message Invalid HTTP version (2.0)
[13/Nov/2022 01:10:12] "PRI * HTTP/2.0" 505 -
[13/Nov/2022 01:10:12] "GET /todos/ HTTP/1.1" 200 2905
[13/Nov/2022 01:10:12] code 505, message Invalid HTTP version (2.0)
[13/Nov/2022 01:10:12] "PRI * HTTP/2.0" 505 -
Not Found: /favicon.ico
[13/Nov/2022 01:10:12] "GET /favicon.ico HTTP/1.1" 404 2574
[13/Nov/2022 01:12:49] "GET /todos/ HTTP/1.1" 200 2905
[13/Nov/2022 01:12:49] "GET /static/css/style.css HTTP/1.1" 200 225
[13/Nov/2022 01:14:16] "GET /todos/ HTTP/1.1" 200 2905
[13/Nov/2022 01:14:16] "GET /static/css/style.css HTTP/1.1" 200 225
Not Found: /favicon.ico
[13/Nov/2022 01:14:17] "GET /favicon.ico HTTP/1.1" 404 2574
